<?xml version="1.0" encoding="UTF-8"?>
<!-- Generated by org.testng.reporters.JUnitReportReporter -->
<testsuite hostname="LAPTOP-O6FNABQK" failures="0" tests="1" name="listenersPractice.TestClass2" time="0.002" errors="0" timestamp="2024-01-19T12:52:52 IST" skipped="0">
  <testcase classname="listenersPractice.TestClass2" name="testMethod" time="0.002"/>
  <system-out/>
</testsuite> <!-- listenersPractice.TestClass2 -->
