<?xml version="1.0" encoding="UTF-8"?>
<!-- Generated by org.testng.reporters.JUnitReportReporter -->
<testsuite hostname="LAPTOP-O6FNABQK" failures="0" tests="1" name="assertions.SoftAssertionPractice" time="0.010" errors="0" timestamp="2024-01-18T12:10:29 IST" skipped="0">
  <testcase classname="assertions.SoftAssertionPractice" name="demo" time="0.010"/>
  <system-out/>
</testsuite> <!-- assertions.SoftAssertionPractice -->
