<?xml version="1.0" encoding="UTF-8"?>
<!-- Generated by org.testng.reporters.JUnitReportReporter -->
<testsuite hostname="LAPTOP-O6FNABQK" failures="0" tests="1" name="testNG.SampleTest" time="0.005" errors="0" timestamp="2024-01-12T13:30:06 IST" skipped="0">
  <testcase classname="testNG.SampleTest" name="demoTest" time="0.005"/>
  <system-out>
    <![CDATA[Hello World]]>
  </system-out>
</testsuite> <!-- testNG.SampleTest -->
