<?xml version="1.0" encoding="UTF-8"?>
<!-- Generated by org.testng.reporters.JUnitReportReporter -->
<testsuite hostname="LAPTOP-O6FNABQK" failures="0" tests="1" name="groupExecution.Testclass4" time="0.008" errors="0" timestamp="2024-01-11T13:01:35 IST" skipped="0">
  <testcase classname="groupExecution.Testclass4" name="demo1" time="0.008"/>
  <system-out/>
</testsuite> <!-- groupExecution.Testclass4 -->
