<?xml version="1.0" encoding="UTF-8"?>
<!-- Generated by org.testng.reporters.JUnitReportReporter -->
<testsuite hostname="LAPTOP-O6FNABQK" failures="0" tests="2" name="testNG.DisablingTestScripts" time="0.001" errors="0" timestamp="2024-01-09T13:58:27 IST" skipped="1">
  <testcase classname="testNG.DisablingTestScripts" name="demo1" time="0.001"/>
  <system-out>
    <![CDATA[demo1]]>
  </system-out>
  <testcase classname="testNG.DisablingTestScripts" name="demo2">
    <skipped/>
  </testcase> <!-- demo2 -->
  <system-out/>
</testsuite> <!-- testNG.DisablingTestScripts -->
