<?xml version="1.0" encoding="UTF-8"?>
<!-- Generated by org.testng.reporters.JUnitReportReporter -->
<testsuite hostname="LAPTOP-O6FNABQK" failures="0" tests="1" name="annotations.TestClass" time="0.005" errors="0" timestamp="2024-01-09T13:41:51 IST" skipped="0">
  <testcase classname="annotations.TestClass" name="testMethod" time="0.005"/>
  <system-out/>
</testsuite> <!-- annotations.TestClass -->
