<?xml version="1.0" encoding="UTF-8"?>
<!-- Generated by org.testng.reporters.JUnitReportReporter -->
<testsuite hostname="LAPTOP-O6FNABQK" failures="0" tests="3" name="rerunFailedTestScripts.TestClass2" time="0.003" errors="0" timestamp="2024-01-19T11:53:02 IST" skipped="0">
  <testcase classname="rerunFailedTestScripts.TestClass2" name="demo3" time="0.001"/>
  <system-out/>
  <testcase classname="rerunFailedTestScripts.TestClass2" name="demo2" time="0.001"/>
  <system-out/>
  <testcase classname="rerunFailedTestScripts.TestClass2" name="demo1" time="0.001"/>
  <system-out/>
</testsuite> <!-- rerunFailedTestScripts.TestClass2 -->
