<?xml version="1.0" encoding="UTF-8"?>
<!-- Generated by org.testng.reporters.JUnitReportReporter -->
<testsuite hostname="LAPTOP-O6FNABQK" failures="0" tests="2" name="groupExecution.Testclass3" time="0.006" errors="0" timestamp="2024-01-11T13:02:28 IST" skipped="0">
  <testcase classname="groupExecution.Testclass3" name="demo3" time="0.001"/>
  <system-out/>
  <testcase classname="groupExecution.Testclass3" name="demo1" time="0.005"/>
  <system-out/>
</testsuite> <!-- groupExecution.Testclass3 -->
