<?xml version="1.0" encoding="UTF-8"?>
<!-- Generated by org.testng.reporters.JUnitReportReporter -->
<testsuite hostname="LAPTOP-O6FNABQK" failures="0" tests="4" name="testNG.PriorityInvocationCountTest" time="0.011" errors="0" timestamp="2024-01-09T13:58:27 IST" skipped="0">
  <testcase classname="testNG.PriorityInvocationCountTest" name="demo1" time="0.001"/>
  <system-out>
    <![CDATA[demo1]]>
  </system-out>
  <testcase classname="testNG.PriorityInvocationCountTest" name="demo1" time="0.001"/>
  <system-out>
    <![CDATA[demo1]]>
  </system-out>
  <testcase classname="testNG.PriorityInvocationCountTest" name="demo1" time="0.008"/>
  <system-out>
    <![CDATA[demo1]]>
  </system-out>
  <testcase classname="testNG.PriorityInvocationCountTest" name="demo2" time="0.001"/>
  <system-out>
    <![CDATA[demo2]]>
  </system-out>
</testsuite> <!-- testNG.PriorityInvocationCountTest -->
