<?xml version="1.0" encoding="UTF-8"?>
<!-- Generated by org.testng.reporters.JUnitReportReporter -->
<testsuite hostname="LAPTOP-O6FNABQK" failures="0" tests="2" name="testNG.DependencyBetweenMethods" time="0.000" errors="0" timestamp="2024-01-09T13:58:27 IST" skipped="0">
  <testcase classname="testNG.DependencyBetweenMethods" name="navigateToApp" time="0.000"/>
  <system-out>
    <![CDATA[navigate to app]]>
  </system-out>
  <testcase classname="testNG.DependencyBetweenMethods" name="loginToApp" time="0.000"/>
  <system-out>
    <![CDATA[loginToApp]]>
  </system-out>
</testsuite> <!-- testNG.DependencyBetweenMethods -->
