<?xml version="1.0" encoding="UTF-8"?>
<!-- Generated by org.testng.reporters.JUnitReportReporter -->
<testsuite hostname="LAPTOP-O6FNABQK" failures="0" tests="6" name="testNG.prioritizingTestScripts" time="0.010" errors="0" timestamp="2024-01-09T13:58:27 IST" skipped="0">
  <testcase classname="testNG.prioritizingTestScripts" name="demo5" time="0.000"/>
  <system-out>
    <![CDATA[demo5]]>
  </system-out>
  <testcase classname="testNG.prioritizingTestScripts" name="demo6" time="0.010"/>
  <system-out>
    <![CDATA[demo6]]>
  </system-out>
  <testcase classname="testNG.prioritizingTestScripts" name="demo2" time="0.000"/>
  <system-out>
    <![CDATA[demo2]]>
  </system-out>
  <testcase classname="testNG.prioritizingTestScripts" name="demo4" time="0.000"/>
  <system-out>
    <![CDATA[demo4]]>
  </system-out>
  <testcase classname="testNG.prioritizingTestScripts" name="demo3" time="0.000"/>
  <system-out>
    <![CDATA[demo3]]>
  </system-out>
  <testcase classname="testNG.prioritizingTestScripts" name="demo1" time="0.000"/>
  <system-out>
    <![CDATA[demo1]]>
  </system-out>
</testsuite> <!-- testNG.prioritizingTestScripts -->
