<?xml version="1.0" encoding="UTF-8"?>
<!-- Generated by org.testng.reporters.JUnitReportReporter -->
<testsuite hostname="LAPTOP-O6FNABQK" failures="0" tests="1" name="listenersPractice.TestClass" time="0.005" errors="0" timestamp="2024-01-18T14:05:30 IST" skipped="0">
  <testcase classname="listenersPractice.TestClass" name="testMethod" time="0.005"/>
  <system-out/>
</testsuite> <!-- listenersPractice.TestClass -->
