<?xml version="1.0" encoding="UTF-8"?>
<!-- Generated by org.testng.reporters.JUnitReportReporter -->
<testsuite hostname="LAPTOP-O6FNABQK" failures="0" tests="2" name="testNG.EntringUnPswd" time="27.264" errors="0" timestamp="2024-01-17T12:48:13 IST" skipped="0">
  <testcase classname="testNG.EntringUnPswd" name="loginTest" time="17.418"/>
  <system-out/>
  <testcase classname="testNG.EntringUnPswd" name="loginTest" time="9.846"/>
  <system-out/>
</testsuite> <!-- testNG.EntringUnPswd -->
