<?xml version="1.0" encoding="UTF-8"?>
<!-- Generated by org.testng.reporters.JUnitReportReporter -->
<testsuite hostname="LAPTOP-O6FNABQK" failures="0" tests="2" name="crossBrowserParallel.GoogleTest" time="22.798" errors="0" timestamp="2024-01-12T13:07:12 IST" skipped="0">
  <testcase classname="crossBrowserParallel.GoogleTest" name="googleTest" time="11.332"/>
  <system-out/>
  <testcase classname="crossBrowserParallel.GoogleTest" name="googleTest" time="11.466"/>
  <system-out/>
</testsuite> <!-- crossBrowserParallel.GoogleTest -->
