<?xml version="1.0" encoding="UTF-8"?>
<!-- Generated by org.testng.reporters.JUnitReportReporter -->
<testsuite hostname="LAPTOP-O6FNABQK" failures="0" tests="2" name="crossBrowserParallel.SwiggyTest" time="37.527" errors="0" timestamp="2024-01-12T13:07:12 IST" skipped="0">
  <testcase classname="crossBrowserParallel.SwiggyTest" name="swiggyTest" time="18.677"/>
  <system-out/>
  <testcase classname="crossBrowserParallel.SwiggyTest" name="swiggyTest" time="18.850"/>
  <system-out/>
</testsuite> <!-- crossBrowserParallel.SwiggyTest -->
