<?xml version="1.0" encoding="UTF-8"?>
<!-- Generated by org.testng.reporters.JUnitReportReporter -->
<testsuite hostname="LAPTOP-O6FNABQK" failures="0" tests="2" name="groupExecution.TestClass2" time="0.002" errors="0" timestamp="2024-01-11T13:01:35 IST" skipped="0">
  <testcase classname="groupExecution.TestClass2" name="demo3" time="0.001"/>
  <system-out/>
  <testcase classname="groupExecution.TestClass2" name="demo2" time="0.001"/>
  <system-out/>
</testsuite> <!-- groupExecution.TestClass2 -->
