<?xml version="1.0" encoding="UTF-8"?>
<!-- Generated by org.testng.reporters.JUnitReportReporter -->
<testsuite hostname="LAPTOP-O6FNABQK" failures="0" tests="3" name="testNG.Dataprovider" time="0.006" errors="0" timestamp="2024-01-17T12:11:57 IST" skipped="0">
  <testcase classname="testNG.Dataprovider" name="bookTicketTest" time="0.001"/>
  <system-out/>
  <testcase classname="testNG.Dataprovider" name="bookTicketTest" time="0.004"/>
  <system-out/>
  <testcase classname="testNG.Dataprovider" name="bookTicketTest" time="0.001"/>
  <system-out/>
</testsuite> <!-- testNG.Dataprovider -->
