<?xml version="1.0" encoding="UTF-8"?>
<!-- Generated by org.testng.reporters.JUnitReportReporter -->
<testsuite hostname="LAPTOP-O6FNABQK" failures="0" tests="2" name="testNG.DependencyWithUrl" time="74.491" errors="0" timestamp="2024-01-09T13:58:27 IST" skipped="0">
  <testcase classname="testNG.DependencyWithUrl" name="loginToApp" time="13.372"/>
  <system-out/>
  <testcase classname="testNG.DependencyWithUrl" name="navigateToApp" time="61.119"/>
  <system-out/>
</testsuite> <!-- testNG.DependencyWithUrl -->
