<?xml version="1.0" encoding="UTF-8"?>
<!-- Generated by org.testng.reporters.JUnitReportReporter -->
<testsuite hostname="LAPTOP-O6FNABQK" failures="0" tests="1" name="distributedparallelExecution.Test2" time="0.006" errors="0" timestamp="2024-01-12T12:07:52 IST" skipped="0">
  <testcase classname="distributedparallelExecution.Test2" name="demo" time="0.006"/>
  <system-out/>
</testsuite> <!-- distributedparallelExecution.Test2 -->
